<?xml version="1.0" encoding="UTF-8"?>
<!-- Generated by org.testng.reporters.JUnitXMLReporter -->
<testsuite hostname="LGDN14552-W7D01" name="FirefoxTest" tests="1" failures="1" timestamp="17 Nov 2016 11:30:18 GMT" time="44.448" errors="0">
  <testcase name="TC_JOOMLA_ARTICLE_008" time="11.377" classname="zDraft.Duyen">
    <failure type="java.lang.AssertionError" message="expected [true] but found [false]">
      <![CDATA[java.lang.AssertionError: expected [true] but found [false]
	at common.AbstractTest.verifyResults(AbstractTest.java:43)
	at zDraft.Duyen.TC_JOOMLA_ARTICLE_008(Duyen.java:51)
... Removed 28 stack frames]]>
    </failure>
  </testcase> <!-- TC_JOOMLA_ARTICLE_008 -->
</testsuite> <!-- FirefoxTest -->
