<?xml version="1.0" encoding="UTF-8"?>
<!-- Generated by org.testng.reporters.JUnitXMLReporter -->
<testsuite hostname="LGDN14552-W7D01" name="IETestDuyen" tests="17" failures="1" timestamp="16 Dec 2016 04:36:19 GMT" time="567.568" errors="0">
  <testcase name="RUN_01_TC_JOOMLA_WEBLINKS_001" time="23.861" classname="weblink.JoomlaWeblink_001"/>
  <testcase name="RUN_02_TC_JOOMLA_WEBLINKS_002" time="30.842" classname="weblink.JoomlaWeblink_001"/>
  <testcase name="RUN_03_TC_JOOMLA_WEBLINKS_005" time="21.598" classname="weblink.JoomlaWeblink_001"/>
  <testcase name="RUN_04_TC_JOOMLA_WEBLINKS_016" time="43.749" classname="weblink.JoomlaWeblink_001"/>
  <testcase name="RUN_06_TC_JOOMLA_WEBLINKS_015" time="67.45" classname="weblink.JoomlaWeblink_001"/>
  <testcase name="RUN_01_TC_JOOMLA_WEBLINKS_003" time="42.967" classname="weblink.JoomlaWeblink_002"/>
  <testcase name="RUN_02_TC_JOOMLA_WEBLINKS_004" time="10.253" classname="weblink.JoomlaWeblink_002"/>
  <testcase name="RUN_03_TC_JOOMLA_WEBLINKS_008" time="5.67" classname="weblink.JoomlaWeblink_002"/>
  <testcase name="RUN_04_TC_JOOMLA_WEBLINKS_009" time="6.38" classname="weblink.JoomlaWeblink_002"/>
  <testcase name="RUN_05_TC_JOOMLA_WEBLINKS_010" time="10.476" classname="weblink.JoomlaWeblink_002"/>
  <testcase name="RUN_06_TC_JOOMLA_WEBLINKS_007" time="30.417" classname="weblink.JoomlaWeblink_002"/>
  <testcase name="RUN_07_TC_JOOMLA_WEBLINKS_014" time="57.771" classname="weblink.JoomlaWeblink_002"/>
  <testcase name="RUN_01_TC_JOOMLA_WEBLINKS_006" time="68.014" classname="weblink.JoomlaWeblink_003"/>
  <testcase name="RUN_02_TC_JOOMLA_WEBLINKS_011" time="13.296" classname="weblink.JoomlaWeblink_003"/>
  <testcase name="RUN_03_TC_JOOMLA_WEBLINKS_012" time="18.54" classname="weblink.JoomlaWeblink_003"/>
  <testcase name="RUN_04_TC_JOOMLA_WEBLINKS_013" time="37.767" classname="weblink.JoomlaWeblink_003"/>
  <testcase name="RUN_05_TC_JOOMLA_WEBLINKS_017" time="44.095" classname="weblink.JoomlaWeblink_003">
    <failure type="org.openqa.selenium.NoSuchElementException" message="Unable to find element with xpath == //div[@id=&amp;apos;system-message-container&amp;apos;]/div/div (WARNING: The server did not provide any stacktrace information)
Command duration or timeout: 30.15 seconds
For documentation on this error, please visit: http://seleniumhq.org/exceptions/no_such_element.html
Build info: version: &amp;apos;2.53.1&amp;apos;, revision: &amp;apos;a36b8b1cd5757287168e54b817830adce9b0158d&amp;apos;, time: &amp;apos;2016-06-30 19:26:09&amp;apos;
System info: host: &amp;apos;LGDN14552-W7D01&amp;apos;, ip: &amp;apos;192.168.189.93&amp;apos;, os.name: &amp;apos;Windows 7&amp;apos;, os.arch: &amp;apos;amd64&amp;apos;, os.version: &amp;apos;6.1&amp;apos;, java.version: &amp;apos;1.8.0_111&amp;apos;
Driver info: org.openqa.selenium.ie.InternetExplorerDriver
Capabilities [{browserAttachTimeout=0, ie.enableFullPageScreenshot=true, enablePersistentHover=false, ie.forceCreateProcessApi=false, ie.forceShellWindowsApi=false, pageLoadStrategy=normal, ignoreZoomSetting=false, ie.fileUploadDialogTimeout=3000, version=11, platform=WINDOWS, proxy={proxyType=}, nativeEvents=true, ie.ensureCleanSession=false, elementScrollBehavior=0, ie.browserCommandLineSwitches=, requireWindowFocus=false, browserName=internet explorer, initialBrowserUrl=http://localhost:22195/, javascriptEnabled=true, ignoreProtectedModeSettings=true, enableElementCacheCleanup=true, unexpectedAlertBehaviour=accept}]
Session ID: 4c252d83-ebfc-4ec8-b175-7cf35eeb11d7
*** Element info: {Using=xpath, value=//div[@id=&amp;apos;system-message-container&amp;apos;]/div/div}">
      <![CDATA[org.openqa.selenium.NoSuchElementException: Unable to find element with xpath == //div[@id='system-message-container']/div/div (WARNING: The server did not provide any stacktrace information)
Command duration or timeout: 30.15 seconds
For documentation on this error, please visit: http://seleniumhq.org/exceptions/no_such_element.html
Build info: version: '2.53.1', revision: 'a36b8b1cd5757287168e54b817830adce9b0158d', time: '2016-06-30 19:26:09'
System info: host: 'LGDN14552-W7D01', ip: '192.168.189.93', os.name: 'Windows 7', os.arch: 'amd64', os.version: '6.1', java.version: '1.8.0_111'
Driver info: org.openqa.selenium.ie.InternetExplorerDriver
Capabilities [{browserAttachTimeout=0, ie.enableFullPageScreenshot=true, enablePersistentHover=false, ie.forceCreateProcessApi=false, ie.forceShellWindowsApi=false, pageLoadStrategy=normal, ignoreZoomSetting=false, ie.fileUploadDialogTimeout=3000, version=11, platform=WINDOWS, proxy={proxyType=}, nativeEvents=true, ie.ensureCleanSession=false, elementScrollBehavior=0, ie.browserCommandLineSwitches=, requireWindowFocus=false, browserName=internet explorer, initialBrowserUrl=http://localhost:22195/, javascriptEnabled=true, ignoreProtectedModeSettings=true, enableElementCacheCleanup=true, unexpectedAlertBehaviour=accept}]
Session ID: 4c252d83-ebfc-4ec8-b175-7cf35eeb11d7
*** Element info: {Using=xpath, value=//div[@id='system-message-container']/div/div}
	at org.openqa.selenium.remote.ErrorHandler.createThrowable(ErrorHandler.java:206)
	at org.openqa.selenium.remote.ErrorHandler.throwIfResponseFailed(ErrorHandler.java:158)
	at org.openqa.selenium.remote.RemoteWebDriver.execute(RemoteWebDriver.java:678)
	at org.openqa.selenium.remote.RemoteWebDriver.findElement(RemoteWebDriver.java:363)
	at org.openqa.selenium.remote.RemoteWebDriver.findElementByXPath(RemoteWebDriver.java:500)
	at org.openqa.selenium.By$ByXPath.findElement(By.java:361)
	at org.openqa.selenium.remote.RemoteWebDriver.findElement(RemoteWebDriver.java:355)
	at common.AutomationActions.waitForControl(AutomationActions.java:243)
	at pages.AbstractPageAction.verifyMessageDisplayed(AbstractPageAction.java:286)
	at weblink.JoomlaWeblink_003.RUN_05_TC_JOOMLA_WEBLINKS_017(JoomlaWeblink_003.java:162)
... Removed 28 stack frames]]>
    </failure>
  </testcase> <!-- RUN_05_TC_JOOMLA_WEBLINKS_017 -->
</testsuite> <!-- IETestDuyen -->
