<?xml version="1.0" encoding="UTF-8"?>
<!-- Generated by org.testng.reporters.JUnitXMLReporter -->
<testsuite hostname="LGDN14623-W7D01" ignored="0" name="nodeChromeKim1" tests="3" failures="2" timestamp="2019-12-31T15:49:02 ICT" time="27.934" errors="0">
  <testcase name="doAnExam" time="0.0" classname="DoExam.goToDoTest">
    <skipped/>
  </testcase> <!-- doAnExam -->
  <testcase name="doAnExam" time="0.035" classname="DoExam.goToDoTest">
    <failure type="java.lang.ArrayIndexOutOfBoundsException" message="26">
      <![CDATA[java.lang.ArrayIndexOutOfBoundsException: 26
at DoExam.goToDoTest.doAnExam(goToDoTest.java:54)
at java.util.ArrayList.forEach(Unknown Source)
at java.util.concurrent.FutureTask.run(Unknown Source)
at java.util.concurrent.ThreadPoolExecutor.runWorker(Unknown Source)
at java.util.concurrent.ThreadPoolExecutor$Worker.run(Unknown Source)
at java.lang.Thread.run(Unknown Source)
... Removed 18 stack frames]]>
    </failure>
  </testcase> <!-- doAnExam -->
  <testcase name="doAnExam" time="6.282" classname="DoExam.goToDoTest">
    <failure type="org.openqa.selenium.WebDriverException" message="element click intercepted: Element &amp;lt;label class=&amp;quot;font-bold input-container&amp;quot; for=&amp;quot;answer-5e0b0b7791df3a0bb40205f9&amp;quot; style=&amp;quot;float: left; margin-right: 10px; margin-bottom: 0px;&amp;quot;&amp;gt;...&amp;lt;/label&amp;gt; is not clickable at point (268, 324). Other element would receive the click: &amp;lt;div class=&amp;quot;modal fade top&amp;quot; tabindex=&amp;quot;-1&amp;quot; role=&amp;quot;dialog&amp;quot; aria-hidden=&amp;quot;true&amp;quot; style=&amp;quot;display: block;&amp;quot;&amp;gt;...&amp;lt;/div&amp;gt;
  (Session info: chrome=79.0.3945.88)
Build info: version: &amp;apos;3.8.1&amp;apos;, revision: &amp;apos;6e95a6684b&amp;apos;, time: &amp;apos;2017-12-01T19:05:32.194Z&amp;apos;
System info: host: &amp;apos;LGDN18-1217-W10&amp;apos;, ip: &amp;apos;192.168.188.27&amp;apos;, os.name: &amp;apos;Windows 10&amp;apos;, os.arch: &amp;apos;amd64&amp;apos;, os.version: &amp;apos;10.0&amp;apos;, java.version: &amp;apos;1.8.0_144&amp;apos;
Driver info: driver.version: unknown
Command duration or timeout: 50 milliseconds
Build info: version: &amp;apos;2.53.1&amp;apos;, revision: &amp;apos;a36b8b1cd5757287168e54b817830adce9b0158d&amp;apos;, time: &amp;apos;2016-06-30 19:26:09&amp;apos;
System info: host: &amp;apos;LGDN14623-W7D01&amp;apos;, ip: &amp;apos;192.168.189.134&amp;apos;, os.name: &amp;apos;Windows 7&amp;apos;, os.arch: &amp;apos;amd64&amp;apos;, os.version: &amp;apos;6.1&amp;apos;, java.version: &amp;apos;1.8.0_211&amp;apos;
Driver info: org.openqa.selenium.remote.RemoteWebDriver
Capabilities [{networkConnectionEnabled=false, chrome={chromedriverVersion=78.0.3904.105 (60e2d8774a8151efa6a00b1f358371b1e0e07ee2-refs/branch-heads/3904@{#877}), userDataDir=C:\Users\ANHDUC~1.LE\AppData\Local\Temp\scoped_dir14748_1667990286}, timeouts={implicit=0, pageLoad=300000, script=30000}, pageLoadStrategy=normal, unhandledPromptBehavior=dismiss and notify, strictFileInteractability=false, platform=ANY, proxy={}, goog:chromeOptions={debuggerAddress=localhost:63334}, acceptInsecureCerts=false, browserVersion=79.0.3945.88, browserName=chrome, platformName=windows nt, setWindowRect=true}]
Session ID: 5f5198cf41ff92a2096da8bb29fde0df">
      <![CDATA[org.openqa.selenium.WebDriverException: element click intercepted: Element <label class="font-bold input-container" for="answer-5e0b0b7791df3a0bb40205f9" style="float: left; margin-right: 10px; margin-bottom: 0px;">...</label> is not clickable at point (268, 324). Other element would receive the click: <div class="modal fade top" tabindex="-1" role="dialog" aria-hidden="true" style="display: block;">...</div>
  (Session info: chrome=79.0.3945.88)
Build info: version: '3.8.1', revision: '6e95a6684b', time: '2017-12-01T19:05:32.194Z'
System info: host: 'LGDN18-1217-W10', ip: '192.168.188.27', os.name: 'Windows 10', os.arch: 'amd64', os.version: '10.0', java.version: '1.8.0_144'
Driver info: driver.version: unknown
Command duration or timeout: 50 milliseconds
Build info: version: '2.53.1', revision: 'a36b8b1cd5757287168e54b817830adce9b0158d', time: '2016-06-30 19:26:09'
System info: host: 'LGDN14623-W7D01', ip: '192.168.189.134', os.name: 'Windows 7', os.arch: 'amd64', os.version: '6.1', java.version: '1.8.0_211'
Driver info: org.openqa.selenium.remote.RemoteWebDriver
Capabilities [{networkConnectionEnabled=false, chrome={chromedriverVersion=78.0.3904.105 (60e2d8774a8151efa6a00b1f358371b1e0e07ee2-refs/branch-heads/3904@{#877}), userDataDir=C:\Users\ANHDUC~1.LE\AppData\Local\Temp\scoped_dir14748_1667990286}, timeouts={implicit=0, pageLoad=300000, script=30000}, pageLoadStrategy=normal, unhandledPromptBehavior=dismiss and notify, strictFileInteractability=false, platform=ANY, proxy={}, goog:chromeOptions={debuggerAddress=localhost:63334}, acceptInsecureCerts=false, browserVersion=79.0.3945.88, browserName=chrome, platformName=windows nt, setWindowRect=true}]
Session ID: 5f5198cf41ff92a2096da8bb29fde0df
at org.openqa.selenium.remote.ErrorHandler.createThrowable(ErrorHandler.java:206)
at org.openqa.selenium.remote.ErrorHandler.throwIfResponseFailed(ErrorHandler.java:158)
at org.openqa.selenium.remote.RemoteWebDriver.execute(RemoteWebDriver.java:678)
at org.openqa.selenium.remote.RemoteWebElement.execute(RemoteWebElement.java:327)
at org.openqa.selenium.remote.RemoteWebElement.click(RemoteWebElement.java:85)
at DoExam.goToDoTest.doAnExam(goToDoTest.java:108)
at java.util.ArrayList.forEach(Unknown Source)
at java.util.concurrent.FutureTask.run(Unknown Source)
at java.util.concurrent.ThreadPoolExecutor.runWorker(Unknown Source)
at java.util.concurrent.ThreadPoolExecutor$Worker.run(Unknown Source)
at java.lang.Thread.run(Unknown Source)
Caused by: org.openqa.selenium.WebDriverException: element click intercepted: Element <label class="font-bold input-container" for="answer-5e0b0b7791df3a0bb40205f9" style="float: left; margin-right: 10px; margin-bottom: 0px;">...</label> is not clickable at point (268, 324). Other element would receive the click: <div class="modal fade top" tabindex="-1" role="dialog" aria-hidden="true" style="display: block;">...</div>
  (Session info: chrome=79.0.3945.88)
Build info: version: '3.8.1', revision: '6e95a6684b', time: '2017-12-01T19:05:32.194Z'
System info: host: 'LGDN18-1217-W10', ip: '192.168.188.27', os.name: 'Windows 10', os.arch: 'amd64', os.version: '10.0', java.version: '1.8.0_144'
Driver info: driver.version: unknown
Build info: version: '2.53.1', revision: 'a36b8b1cd5757287168e54b817830adce9b0158d', time: '2016-06-30 19:26:09'
System info: host: 'LGDN14623-W7D01', ip: '192.168.189.134', os.name: 'Windows 7', os.arch: 'amd64', os.version: '6.1', java.version: '1.8.0_211'
Driver info: driver.version: unknown
... Removed 22 stack frames]]>
    </failure>
  </testcase> <!-- doAnExam -->
</testsuite> <!-- nodeChromeKim1 -->
