<?xml version="1.0" encoding="UTF-8"?>
<!-- Generated by org.testng.reporters.JUnitXMLReporter -->
<testsuite hostname="LGDN14623-W7D01" ignored="0" name="nodeChromeTan3" tests="12" failures="0" timestamp="2019-12-30T14:17:52 ICT" time="53.854" errors="0">
  <testcase name="@BeforeClass SETUP" time="2.586" classname="DoExam.goToDoTest">
    <failure type="java.lang.NullPointerException">
      <![CDATA[java.lang.NullPointerException
at common.BrowserManagement.openBrowser(BrowserManagement.java:93)
at DoExam.goToDoTest.SETUP(goToDoTest.java:35)
at java.util.ArrayList.forEach(Unknown Source)
at java.util.concurrent.FutureTask.run(Unknown Source)
at java.util.concurrent.ThreadPoolExecutor.runWorker(Unknown Source)
at java.util.concurrent.ThreadPoolExecutor$Worker.run(Unknown Source)
at java.lang.Thread.run(Unknown Source)
... Removed 15 stack frames]]>
    </failure>
  </testcase> <!-- @BeforeClass SETUP -->
  <testcase name="@BeforeClass SETUP" time="22.16" classname="DoExam.goToDoTest">
    <failure type="java.lang.NullPointerException">
      <![CDATA[java.lang.NullPointerException
at common.BrowserManagement.openBrowser(BrowserManagement.java:93)
at DoExam.goToDoTest.SETUP(goToDoTest.java:35)
at java.util.ArrayList.forEach(Unknown Source)
at java.util.concurrent.FutureTask.run(Unknown Source)
at java.util.concurrent.ThreadPoolExecutor.runWorker(Unknown Source)
at java.util.concurrent.ThreadPoolExecutor$Worker.run(Unknown Source)
at java.lang.Thread.run(Unknown Source)
... Removed 15 stack frames]]>
    </failure>
  </testcase> <!-- @BeforeClass SETUP -->
  <testcase name="doAnExam" time="0.0" classname="DoExam.goToDoTest">
    <skipped/>
  </testcase> <!-- doAnExam -->
  <testcase name="doAnExam" time="0.0" classname="DoExam.goToDoTest">
    <skipped/>
  </testcase> <!-- doAnExam -->
  <testcase name="doAnExam" time="6.93" classname="DoExam.goToDoTest"/>
  <testcase name="doAnExam" time="6.716" classname="DoExam.goToDoTest"/>
  <testcase name="doAnExam" time="6.766" classname="DoExam.goToDoTest"/>
  <testcase name="doAnExam" time="6.825" classname="DoExam.goToDoTest"/>
  <testcase name="doAnExam" time="6.73" classname="DoExam.goToDoTest"/>
  <testcase name="doAnExam" time="7.019" classname="DoExam.goToDoTest"/>
  <testcase name="doAnExam" time="6.878" classname="DoExam.goToDoTest"/>
  <testcase name="doAnExam" time="6.713" classname="DoExam.goToDoTest"/>
  <testcase name="doAnExam" time="6.762" classname="DoExam.goToDoTest"/>
  <testcase name="doAnExam" time="8.062" classname="DoExam.goToDoTest"/>
</testsuite> <!-- nodeChromeTan3 -->
